2023-11-13 21:16:58,823 [1] WARN Microsoft.EntityFrameworkCore.Model.Validation - No store type was specified for the decimal property 'Price' on entity type 'TicketEvent'. This will cause values to be silently truncated if they do not fit in the default precision and scale. Explicitly specify the SQL server column type that can accommodate all the values in 'OnModelCreating' using 'HasColumnType', specify precision and scale using 'HasPrecision', or configure a value converter using 'HasConversion'.
2023-11-13 21:16:59,631 [8] INFO Microsoft.EntityFrameworkCore.Database.Command - Executed DbCommand (84ms) [Parameters=[], CommandType='Text', CommandTimeout='30']
SELECT 1
2023-11-13 21:16:59,746 [8] INFO Microsoft.EntityFrameworkCore.Database.Command - Executed DbCommand (79ms) [Parameters=[], CommandType='Text', CommandTimeout='30']

IF EXISTS
    (SELECT *
     FROM [sys].[objects] o
     WHERE [o].[type] = 'U'
     AND [o].[is_ms_shipped] = 0
     AND NOT EXISTS (SELECT *
         FROM [sys].[extended_properties] AS [ep]
         WHERE [ep].[major_id] = [o].[object_id]
             AND [ep].[minor_id] = 0
             AND [ep].[class] = 1
             AND [ep].[name] = N'microsoft_database_tools_support'
    )
)
SELECT 1 ELSE SELECT 0
2023-11-13 21:17:00,294 [9] INFO Microsoft.EntityFrameworkCore.Database.Command - Executed DbCommand (49ms) [Parameters=[@__identifier_0='?' (Size = 100)], CommandType='Text', CommandTimeout='30']
SELECT TOP(1) [o].[Id], [o].[ClientId], [o].[ClientSecret], [o].[ConcurrencyToken], [o].[ConsentType], [o].[DisplayName], [o].[DisplayNames], [o].[Permissions], [o].[PostLogoutRedirectUris], [o].[Properties], [o].[RedirectUris], [o].[Requirements], [o].[Type]
FROM [dbo].[OpenIddictApplications] AS [o]
WHERE [o].[ClientId] = @__identifier_0
2023-11-13 21:17:00,444 [8] INFO Microsoft.EntityFrameworkCore.Database.Command - Executed DbCommand (2ms) [Parameters=[@__identifier_0='?' (Size = 100)], CommandType='Text', CommandTimeout='30']
SELECT TOP(1) [o].[Id], [o].[ClientId], [o].[ClientSecret], [o].[ConcurrencyToken], [o].[ConsentType], [o].[DisplayName], [o].[DisplayNames], [o].[Permissions], [o].[PostLogoutRedirectUris], [o].[Properties], [o].[RedirectUris], [o].[Requirements], [o].[Type]
FROM [dbo].[OpenIddictApplications] AS [o]
WHERE [o].[ClientId] = @__identifier_0
2023-11-13 21:17:00,703 [8] INFO Microsoft.Hosting.Lifetime - Now listening on: http://localhost:5030
2023-11-13 21:17:00,834 [8] INFO Hangfire.BackgroundJobServer - Starting Hangfire Server using job storage: 'In-Memory Storage'
2023-11-13 21:17:00,835 [8] INFO Hangfire.BackgroundJobServer - Using the following options for Hangfire Server:
    Worker count: 100
    Listening queues: 'default'
    Shutdown timeout: 00:00:15
    Schedule polling interval: 00:00:15
2023-11-13 21:17:00,880 [8] INFO Microsoft.Hosting.Lifetime - Application started. Press Ctrl+C to shut down.
2023-11-13 21:17:00,884 [8] INFO Microsoft.Hosting.Lifetime - Hosting environment: Development
2023-11-13 21:17:00,886 [8] INFO Microsoft.Hosting.Lifetime - Content root path: D:\Do AN Tot Nghiep\MyTicket\src\MyTicket_BE_new\MyTicket.Web\MyTicket.API
2023-11-13 21:17:00,888 [BackgroundServerProcess #1] INFO Hangfire.Server.BackgroundServerProcess - Server myticket.base.api:36424:1c29432d successfully announced in 12.411 ms
2023-11-13 21:17:00,899 [BackgroundServerProcess #1] INFO Hangfire.Server.BackgroundServerProcess - Server myticket.base.api:36424:1c29432d is starting the registered dispatchers: ServerWatchdog, ServerJobCancellationWatcher, Worker, DelayedJobScheduler, RecurringJobScheduler...
2023-11-13 21:17:01,412 [BackgroundServerProcess #1] INFO Hangfire.Server.BackgroundServerProcess - Server myticket.base.api:36424:1c29432d all the dispatchers started
2023-11-13 23:47:08,988 [1] WARN Microsoft.EntityFrameworkCore.Model.Validation - No store type was specified for the decimal property 'Price' on entity type 'TicketEvent'. This will cause values to be silently truncated if they do not fit in the default precision and scale. Explicitly specify the SQL server column type that can accommodate all the values in 'OnModelCreating' using 'HasColumnType', specify precision and scale using 'HasPrecision', or configure a value converter using 'HasConversion'.
2023-11-13 23:47:09,427 [6] INFO Microsoft.EntityFrameworkCore.Database.Command - Executed DbCommand (33ms) [Parameters=[], CommandType='Text', CommandTimeout='30']
SELECT 1
2023-11-13 23:47:09,520 [9] INFO Microsoft.EntityFrameworkCore.Database.Command - Executed DbCommand (71ms) [Parameters=[], CommandType='Text', CommandTimeout='30']

IF EXISTS
    (SELECT *
     FROM [sys].[objects] o
     WHERE [o].[type] = 'U'
     AND [o].[is_ms_shipped] = 0
     AND NOT EXISTS (SELECT *
         FROM [sys].[extended_properties] AS [ep]
         WHERE [ep].[major_id] = [o].[object_id]
             AND [ep].[minor_id] = 0
             AND [ep].[class] = 1
             AND [ep].[name] = N'microsoft_database_tools_support'
    )
)
SELECT 1 ELSE SELECT 0
2023-11-13 23:47:09,843 [8] INFO Microsoft.EntityFrameworkCore.Database.Command - Executed DbCommand (28ms) [Parameters=[@__identifier_0='?' (Size = 100)], CommandType='Text', CommandTimeout='30']
SELECT TOP(1) [o].[Id], [o].[ClientId], [o].[ClientSecret], [o].[ConcurrencyToken], [o].[ConsentType], [o].[DisplayName], [o].[DisplayNames], [o].[Permissions], [o].[PostLogoutRedirectUris], [o].[Properties], [o].[RedirectUris], [o].[Requirements], [o].[Type]
FROM [dbo].[OpenIddictApplications] AS [o]
WHERE [o].[ClientId] = @__identifier_0
2023-11-13 23:47:09,936 [6] INFO Microsoft.EntityFrameworkCore.Database.Command - Executed DbCommand (1ms) [Parameters=[@__identifier_0='?' (Size = 100)], CommandType='Text', CommandTimeout='30']
SELECT TOP(1) [o].[Id], [o].[ClientId], [o].[ClientSecret], [o].[ConcurrencyToken], [o].[ConsentType], [o].[DisplayName], [o].[DisplayNames], [o].[Permissions], [o].[PostLogoutRedirectUris], [o].[Properties], [o].[RedirectUris], [o].[Requirements], [o].[Type]
FROM [dbo].[OpenIddictApplications] AS [o]
WHERE [o].[ClientId] = @__identifier_0
2023-11-13 23:47:10,089 [6] INFO Microsoft.Hosting.Lifetime - Now listening on: http://localhost:5030
2023-11-13 23:47:10,170 [6] INFO Hangfire.BackgroundJobServer - Starting Hangfire Server using job storage: 'In-Memory Storage'
2023-11-13 23:47:10,171 [6] INFO Hangfire.BackgroundJobServer - Using the following options for Hangfire Server:
    Worker count: 100
    Listening queues: 'default'
    Shutdown timeout: 00:00:15
    Schedule polling interval: 00:00:15
2023-11-13 23:47:10,197 [6] INFO Microsoft.Hosting.Lifetime - Application started. Press Ctrl+C to shut down.
2023-11-13 23:47:10,199 [6] INFO Microsoft.Hosting.Lifetime - Hosting environment: Development
2023-11-13 23:47:10,202 [6] INFO Microsoft.Hosting.Lifetime - Content root path: D:\Do AN Tot Nghiep\MyTicket\src\MyTicket_BE_new\MyTicket.Web\MyTicket.API
2023-11-13 23:47:10,204 [BackgroundServerProcess #1] INFO Hangfire.Server.BackgroundServerProcess - Server myticket.base.api:3572:b7852f65 successfully announced in 8.6647 ms
2023-11-13 23:47:10,210 [BackgroundServerProcess #1] INFO Hangfire.Server.BackgroundServerProcess - Server myticket.base.api:3572:b7852f65 is starting the registered dispatchers: ServerWatchdog, ServerJobCancellationWatcher, Worker, DelayedJobScheduler, RecurringJobScheduler...
2023-11-13 23:47:10,872 [BackgroundServerProcess #1] INFO Hangfire.Server.BackgroundServerProcess - Server myticket.base.api:3572:b7852f65 all the dispatchers started
2023-11-13 23:48:40,174 [128] INFO OpenIddict.Server.OpenIddictServerDispatcher - The request URI matched a server endpoint: Token.
2023-11-13 23:48:40,205 [128] INFO OpenIddict.Server.OpenIddictServerDispatcher - The token request was successfully extracted: {
  "grant_type": "password",
  "username": "yg",
  "password": "[redacted]",
  "scope": "offline_access",
  "client_id": "client-angular",
  "client_secret": "[redacted]"
}.
2023-11-13 23:48:40,283 [128] INFO Microsoft.EntityFrameworkCore.Database.Command - Executed DbCommand (22ms) [Parameters=[@__identifier_0='?' (Size = 100)], CommandType='Text', CommandTimeout='30']
SELECT TOP(1) [o].[Id], [o].[ClientId], [o].[ClientSecret], [o].[ConcurrencyToken], [o].[ConsentType], [o].[DisplayName], [o].[DisplayNames], [o].[Permissions], [o].[PostLogoutRedirectUris], [o].[Properties], [o].[RedirectUris], [o].[Requirements], [o].[Type]
FROM [dbo].[OpenIddictApplications] AS [o]
WHERE [o].[ClientId] = @__identifier_0
2023-11-13 23:48:40,322 [128] INFO OpenIddict.Server.OpenIddictServerDispatcher - The token request was successfully validated.
2023-11-13 23:48:40,646 [128] INFO Microsoft.EntityFrameworkCore.Database.Command - Executed DbCommand (8ms) [Parameters=[@__username_0='?' (Size = 128) (DbType = AnsiString)], CommandType='Text', CommandTimeout='30']
SELECT TOP(1) [u].[Id], [u].[CreatedBy], [u].[CreatedDate], [u].[CustomerId], [u].[Deleted], [u].[DeletedBy], [u].[DeletedDate], [u].[Email], [u].[ModifiedBy], [u].[ModifiedDate], [u].[Password], [u].[Phone], [u].[Status], [u].[SupplierId], [u].[UserType], [u].[Username]
FROM [dbo].[User] AS [u]
WHERE [u].[Username] = @__username_0 AND [u].[Deleted] = CAST(0 AS bit)
2023-11-13 23:48:40,781 [3] INFO Microsoft.EntityFrameworkCore.Database.Command - Executed DbCommand (5ms) [Parameters=[@__key_0='?' (Size = 450)], CommandType='Text', CommandTimeout='30']
SELECT TOP(1) [o].[Id], [o].[ClientId], [o].[ClientSecret], [o].[ConcurrencyToken], [o].[ConsentType], [o].[DisplayName], [o].[DisplayNames], [o].[Permissions], [o].[PostLogoutRedirectUris], [o].[Properties], [o].[RedirectUris], [o].[Requirements], [o].[Type]
FROM [dbo].[OpenIddictApplications] AS [o]
WHERE [o].[Id] = @__key_0
2023-11-13 23:48:41,028 [122] INFO Microsoft.EntityFrameworkCore.Database.Command - Executed DbCommand (9ms) [Parameters=[@p0='?' (Size = 450), @p1='?' (Size = 450), @p2='?' (Size = 50), @p3='?' (DbType = DateTime2), @p4='?' (Size = 4000), @p5='?' (Size = 4000), @p6='?' (Size = 50), @p7='?' (Size = 400), @p8='?' (Size = 50)], CommandType='Text', CommandTimeout='30']
SET IMPLICIT_TRANSACTIONS OFF;
SET NOCOUNT ON;
INSERT INTO [dbo].[OpenIddictAuthorizations] ([Id], [ApplicationId], [ConcurrencyToken], [CreationDate], [Properties], [Scopes], [Status], [Subject], [Type])
VALUES (@p0, @p1, @p2, @p3, @p4, @p5, @p6, @p7, @p8);
2023-11-13 23:48:41,056 [122] INFO OpenIddict.Server.OpenIddictServerDispatcher - An ad hoc authorization was automatically created and associated with the 'client-angular' application: fa373902-ba99-4828-b6df-f557f891de4d.
2023-11-13 23:48:41,089 [130] INFO Microsoft.EntityFrameworkCore.Database.Command - Executed DbCommand (2ms) [Parameters=[@__key_0='?' (Size = 450)], CommandType='Text', CommandTimeout='30']
SELECT TOP(1) [o].[Id], [o].[ClientId], [o].[ClientSecret], [o].[ConcurrencyToken], [o].[ConsentType], [o].[DisplayName], [o].[DisplayNames], [o].[Permissions], [o].[PostLogoutRedirectUris], [o].[Properties], [o].[RedirectUris], [o].[Requirements], [o].[Type]
FROM [dbo].[OpenIddictApplications] AS [o]
WHERE [o].[Id] = @__key_0
2023-11-13 23:48:41,117 [122] INFO Microsoft.EntityFrameworkCore.Database.Command - Executed DbCommand (6ms) [Parameters=[@__key_0='?' (Size = 450)], CommandType='Text', CommandTimeout='30']
SELECT TOP(1) [o].[Id], [o].[ApplicationId], [o].[ConcurrencyToken], [o].[CreationDate], [o].[Properties], [o].[Scopes], [o].[Status], [o].[Subject], [o].[Type]
FROM [dbo].[OpenIddictAuthorizations] AS [o]
WHERE [o].[Id] = @__key_0
2023-11-13 23:48:41,199 [130] INFO Microsoft.EntityFrameworkCore.Database.Command - Executed DbCommand (16ms) [Parameters=[@p0='?' (Size = 450), @p1='?' (Size = 450), @p2='?' (Size = 450), @p3='?' (Size = 50), @p4='?' (DbType = DateTime2), @p5='?' (DbType = DateTime2), @p6='?' (Size = 4000), @p7='?' (Size = 4000), @p8='?' (DbType = DateTime2), @p9='?' (Size = 100), @p10='?' (Size = 50), @p11='?' (Size = 400), @p12='?' (Size = 50)], CommandType='Text', CommandTimeout='30']
SET IMPLICIT_TRANSACTIONS OFF;
SET NOCOUNT ON;
INSERT INTO [dbo].[OpenIddictTokens] ([Id], [ApplicationId], [AuthorizationId], [ConcurrencyToken], [CreationDate], [ExpirationDate], [Payload], [Properties], [RedemptionDate], [ReferenceId], [Status], [Subject], [Type])
VALUES (@p0, @p1, @p2, @p3, @p4, @p5, @p6, @p7, @p8, @p9, @p10, @p11, @p12);
2023-11-13 23:48:41,389 [122] INFO Microsoft.EntityFrameworkCore.Database.Command - Executed DbCommand (2ms) [Parameters=[@__key_0='?' (Size = 450)], CommandType='Text', CommandTimeout='30']
SELECT TOP(1) [o].[Id], [o].[ClientId], [o].[ClientSecret], [o].[ConcurrencyToken], [o].[ConsentType], [o].[DisplayName], [o].[DisplayNames], [o].[Permissions], [o].[PostLogoutRedirectUris], [o].[Properties], [o].[RedirectUris], [o].[Requirements], [o].[Type]
FROM [dbo].[OpenIddictApplications] AS [o]
WHERE [o].[Id] = @__key_0
2023-11-13 23:48:41,402 [124] INFO Microsoft.EntityFrameworkCore.Database.Command - Executed DbCommand (5ms) [Parameters=[@__key_0='?' (Size = 450)], CommandType='Text', CommandTimeout='30']
SELECT TOP(1) [o].[Id], [o].[ApplicationId], [o].[ConcurrencyToken], [o].[CreationDate], [o].[Properties], [o].[Scopes], [o].[Status], [o].[Subject], [o].[Type]
FROM [dbo].[OpenIddictAuthorizations] AS [o]
WHERE [o].[Id] = @__key_0
2023-11-13 23:48:41,416 [124] INFO Microsoft.EntityFrameworkCore.Database.Command - Executed DbCommand (5ms) [Parameters=[@p0='?' (Size = 450), @p1='?' (Size = 450), @p2='?' (Size = 450), @p3='?' (Size = 50), @p4='?' (DbType = DateTime2), @p5='?' (DbType = DateTime2), @p6='?' (Size = 4000), @p7='?' (Size = 4000), @p8='?' (DbType = DateTime2), @p9='?' (Size = 100), @p10='?' (Size = 50), @p11='?' (Size = 400), @p12='?' (Size = 50)], CommandType='Text', CommandTimeout='30']
SET IMPLICIT_TRANSACTIONS OFF;
SET NOCOUNT ON;
INSERT INTO [dbo].[OpenIddictTokens] ([Id], [ApplicationId], [AuthorizationId], [ConcurrencyToken], [CreationDate], [ExpirationDate], [Payload], [Properties], [RedemptionDate], [ReferenceId], [Status], [Subject], [Type])
VALUES (@p0, @p1, @p2, @p3, @p4, @p5, @p6, @p7, @p8, @p9, @p10, @p11, @p12);
2023-11-13 23:48:41,471 [124] INFO OpenIddict.Server.OpenIddictServerDispatcher - The response was successfully returned as a JSON document: {
  "access_token": "[redacted]",
  "token_type": "Bearer",
  "expires_in": 3600,
  "refresh_token": "[redacted]"
}.
2023-11-13 23:49:47,306 [126] INFO Microsoft.EntityFrameworkCore.Database.Command - Executed DbCommand (10ms) [Parameters=[@__userId_0='?' (DbType = Int32)], CommandType='Text', CommandTimeout='30']
SELECT TOP(1) [u].[Id], [u].[Status]
FROM [dbo].[User] AS [u]
WHERE [u].[Id] = @__userId_0
2023-11-13 23:49:47,388 [137] INFO MYTICKET.WEB.SERVICE.FileModule.Implements.FileService - Upload file
2023-11-13 23:53:57,828 [135] INFO Microsoft.EntityFrameworkCore.Database.Command - Executed DbCommand (5ms) [Parameters=[@__userId_0='?' (DbType = Int32)], CommandType='Text', CommandTimeout='30']
SELECT TOP(1) [u].[Id], [u].[Status]
FROM [dbo].[User] AS [u]
WHERE [u].[Id] = @__userId_0
2023-11-13 23:53:57,852 [139] INFO MYTICKET.WEB.SERVICE.FileModule.Implements.FileService - Upload file
2023-11-13 23:54:43,694 [134] INFO Microsoft.EntityFrameworkCore.Database.Command - Executed DbCommand (2ms) [Parameters=[@__userId_0='?' (DbType = Int32)], CommandType='Text', CommandTimeout='30']
SELECT TOP(1) [u].[Id], [u].[Status]
FROM [dbo].[User] AS [u]
WHERE [u].[Id] = @__userId_0
2023-11-13 23:54:43,734 [134] WARN MYTICKET.BASE.API.Filters.CustomValidationError - Bad Request: Path = /myticket/api/event/create, Query = [],  Errors: {"$.eventDescription":["\u00270x0A\u0027 is invalid within a JSON string. The string should be correctly escaped. Path: $.eventDescription | LineNumber: 4 | BytePositionInLine: 635."]}
2023-11-13 23:55:32,202 [136] INFO Microsoft.EntityFrameworkCore.Database.Command - Executed DbCommand (17ms) [Parameters=[@__userId_0='?' (DbType = Int32)], CommandType='Text', CommandTimeout='30']
SELECT TOP(1) [u].[Id], [u].[Status]
FROM [dbo].[User] AS [u]
WHERE [u].[Id] = @__userId_0
2023-11-13 23:55:38,326 [136] INFO MYTICKET.WEB.SERVICE.EventModule.Implements.EventService - CreateEvent: input = {"EventName":"K\u1EBB tr\u1ED9m l\u00F4ng v\u00E0ng","EventTypeId":1,"SupplierId":0,"EventDescription":"V\u00E0o m\u1ED7i \u0111\u00EAm giao th\u1EEBa c\u1EE7a Trung Qu\u1ED1c, c\u00E1c v\u1ECB th\u1EA7n tr\u00EAn tr\u1EDDi s\u1EBD t\u1EE5 t\u1EADp quanh Th\u00E1nh \u0111i\u1EC7n sau \u0110\u1EA1i l\u1EC5 \u0111\u1EC3 ch\u1EE9ng ki\u1EBFn \u200B\u200BL\u1EC5 c\u1EA7u ph\u00FAc h\u00E0ng n\u0103m. N\u0103m nay, khi \u0111\u1ED3ng h\u1ED3 \u0111i\u1EC3m 12 gi\u1EDD, \u0111\u00E1m \u0111\u00F4ng b\u1EAFt \u0111\u1EA7u t\u1EE5 t\u1EADp b\u00EAn ngo\u00E0i \u0110\u1EC1n Th\u00E1nh khi m\u00E0n \u0111\u00EAm bu\u00F4ng xu\u1ED1ng v\u00E0o ng\u00E0y cu\u1ED1i c\u00F9ng c\u1EE7a n\u0103m. Tr\u01B0\u1EDBc s\u1EF1 ng\u1EA1c nhi\u00EAn c\u1EE7a m\u1ECDi ng\u01B0\u1EDDi, chi\u1EBFc L\u00F4ng V\u00E0ng \u0111\u01B0\u1EE3c c\u1EA5t gi\u1EEF tr\u00EAn \u0111\u1EC9nh \u0110\u1EC1n Th\u00E1nh \u0111\u00E3 bi\u1EBFn m\u1EA5t. B\u00E2y gi\u1EDD, vi\u1EC7c t\u00ECm hi\u1EC3u chuy\u1EC7n g\u00EC \u0111\u00E3 x\u1EA3y ra l\u00E0 t\u00F9y thu\u1ED9c v\u00E0o b\u1EA1n v\u00E0 b\u1EA1n b\u00E8 c\u1EE7a b\u1EA1n.","ExchangePolicy":"Ban t\u1ED5 ch\u1EE9c/Ch\u1EE7 \u0111\u1ECBa \u0111i\u1EC3m c\u00F3 quy\u1EC1n t\u1EEB ch\u1ED1i cho v\u00E0o/tr\u1EE5c xu\u1EA5t b\u1EA5t k\u1EF3 ng\u01B0\u1EDDi n\u00E0o c\u00F3 h\u00E0nh vi g\u00E2y m\u1EA5t tr\u1EADt t\u1EF1 ho\u1EB7c kh\u00F4ng ph\u00F9 h\u1EE3p ho\u1EB7c g\u00E2y ra m\u1ED1i \u0111e d\u1ECDa v\u1EC1 an ninh ho\u1EB7c vi\u1EC7c ng\u01B0\u1EDDi kh\u00E1c t\u1EADn h\u01B0\u1EDFng S\u1EF1 ki\u1EC7n m\u00E0 kh\u00F4ng ph\u1EA3i b\u1ED3i th\u01B0\u1EDDng.","AdmissionPolicy":"Ban t\u1ED5 ch\u1EE9c c\u00F3 quy\u1EC1n ch\u1EC9 \u0111\u1ECBnh nh\u1EEFng ng\u01B0\u1EDDi ch\u01A1i mua \u00EDt h\u01A1n 5 v\u00E9 c\u00F9ng c\u00E1c \u0111\u1ED9i kh\u00E1c \u0111\u1EC3 \u0111\u00E1p \u1EE9ng \u0111\u1EE7 s\u1ED1 l\u01B0\u1EE3ng ng\u01B0\u1EDDi t\u1ED1i thi\u1EC3u c\u1EA7n thi\u1EBFt \u0111\u1EC3 ch\u01A1i tr\u00F2 ch\u01A1i. Ng\u01B0\u1EDDi ch\u01A1i c\u00F3 v\u00E9 s\u1EBD \u0111\u01B0\u1EE3c x\u1EBFp v\u00E0o c\u00E1c nh\u00F3m kh\u00E1c.","EventImage":"api/file/get?folder=event\u0026file=sukien1.webp","EventDetails":[{"VenueId":1,"OrganizationDay":"2023-11-25T16:48:58.744Z","StartSaleTicketDate":"2023-11-13T16:48:58.744Z","EndSaleTicketDate":"2023-11-24T16:48:58.744Z","EventSeatMapImage":null,"TicketEvents":[{"Name":"CAT1","Price":1000000,"Quantity":20},{"Name":"CAT2","Price":800000,"Quantity":10}]}]}
2023-11-13 23:55:41,365 [136] WARN Microsoft.EntityFrameworkCore.Database.Transaction - Savepoints are disabled because Multiple Active Result Sets (MARS) is enabled. If 'SaveChanges' fails, then the transaction cannot be automatically rolled back to a known clean state. Instead, the transaction should be rolled back by the application before retrying 'SaveChanges'. See https://go.microsoft.com/fwlink/?linkid=2149338 for more information and examples. To identify the code which triggers this warning, call 'ConfigureWarnings(w => w.Throw(SqlServerEventId.SavepointsDisabledBecauseOfMARS))'.
2023-11-13 23:55:41,391 [136] INFO Microsoft.EntityFrameworkCore.Database.Command - Executed DbCommand (17ms) [Parameters=[@p0='?' (Size = 1024), @p1='?' (DbType = Int32), @p2='?' (DbType = DateTime2), @p3='?' (DbType = Boolean), @p4='?' (DbType = Int32), @p5='?' (DbType = DateTime2), @p6='?' (Size = 1024), @p7='?' (Size = 1024), @p8='?' (Size = 264), @p9='?' (DbType = Int32), @p10='?' (Size = 1024), @p11='?' (DbType = Int32), @p12='?' (DbType = DateTime2), @p13='?' (DbType = DateTime2), @p14='?' (DbType = Int32), @p15='?' (DbType = Int32)], CommandType='Text', CommandTimeout='30']
SET IMPLICIT_TRANSACTIONS OFF;
SET NOCOUNT ON;
INSERT INTO [dbo].[Event] ([AdmissionPolicy], [CreatedBy], [CreatedDate], [Deleted], [DeletedBy], [DeletedDate], [EventDescription], [EventImage], [EventName], [EventTypeId], [ExchangePolicy], [ModifiedBy], [ModifiedDate], [StartEventDate], [Status], [SupplierId])
OUTPUT INSERTED.[Id]
VALUES (@p0, @p1, @p2, @p3, @p4, @p5, @p6, @p7, @p8, @p9, @p10, @p11, @p12, @p13, @p14, @p15);
2023-11-13 23:56:23,905 [136] WARN Microsoft.EntityFrameworkCore.Database.Transaction - Savepoints are disabled because Multiple Active Result Sets (MARS) is enabled. If 'SaveChanges' fails, then the transaction cannot be automatically rolled back to a known clean state. Instead, the transaction should be rolled back by the application before retrying 'SaveChanges'. See https://go.microsoft.com/fwlink/?linkid=2149338 for more information and examples. To identify the code which triggers this warning, call 'ConfigureWarnings(w => w.Throw(SqlServerEventId.SavepointsDisabledBecauseOfMARS))'.
2023-11-13 23:56:23,931 [136] INFO Microsoft.EntityFrameworkCore.Database.Command - Executed DbCommand (17ms) [Parameters=[@p0='?' (DbType = Int32), @p1='?' (DbType = DateTime2), @p2='?' (DbType = Boolean), @p3='?' (DbType = Int32), @p4='?' (DbType = DateTime2), @p5='?' (DbType = DateTime2), @p6='?' (DbType = Int32), @p7='?' (Size = 1024), @p8='?' (DbType = Int32), @p9='?' (DbType = DateTime2), @p10='?' (DbType = DateTime2), @p11='?' (DbType = DateTime2), @p12='?' (DbType = Int32), @p13='?' (DbType = Int32)], CommandType='Text', CommandTimeout='30']
SET IMPLICIT_TRANSACTIONS OFF;
SET NOCOUNT ON;
INSERT INTO [dbo].[EventDetail] ([CreatedBy], [CreatedDate], [Deleted], [DeletedBy], [DeletedDate], [EndSaleTicketDate], [EventId], [EventSeatMapImage], [ModifiedBy], [ModifiedDate], [OrganizationDay], [StartSaleTicketDate], [Status], [VenueId])
OUTPUT INSERTED.[Id]
VALUES (@p0, @p1, @p2, @p3, @p4, @p5, @p6, @p7, @p8, @p9, @p10, @p11, @p12, @p13);
2023-11-13 23:58:03,785 [1] WARN Microsoft.EntityFrameworkCore.Model.Validation - No store type was specified for the decimal property 'Price' on entity type 'TicketEvent'. This will cause values to be silently truncated if they do not fit in the default precision and scale. Explicitly specify the SQL server column type that can accommodate all the values in 'OnModelCreating' using 'HasColumnType', specify precision and scale using 'HasPrecision', or configure a value converter using 'HasConversion'.
2023-11-13 23:58:04,154 [9] INFO Microsoft.EntityFrameworkCore.Database.Command - Executed DbCommand (28ms) [Parameters=[], CommandType='Text', CommandTimeout='30']
SELECT 1
2023-11-13 23:58:04,234 [8] INFO Microsoft.EntityFrameworkCore.Database.Command - Executed DbCommand (61ms) [Parameters=[], CommandType='Text', CommandTimeout='30']

IF EXISTS
    (SELECT *
     FROM [sys].[objects] o
     WHERE [o].[type] = 'U'
     AND [o].[is_ms_shipped] = 0
     AND NOT EXISTS (SELECT *
         FROM [sys].[extended_properties] AS [ep]
         WHERE [ep].[major_id] = [o].[object_id]
             AND [ep].[minor_id] = 0
             AND [ep].[class] = 1
             AND [ep].[name] = N'microsoft_database_tools_support'
    )
)
SELECT 1 ELSE SELECT 0
2023-11-13 23:58:04,509 [9] INFO Microsoft.EntityFrameworkCore.Database.Command - Executed DbCommand (24ms) [Parameters=[@__identifier_0='?' (Size = 100)], CommandType='Text', CommandTimeout='30']
SELECT TOP(1) [o].[Id], [o].[ClientId], [o].[ClientSecret], [o].[ConcurrencyToken], [o].[ConsentType], [o].[DisplayName], [o].[DisplayNames], [o].[Permissions], [o].[PostLogoutRedirectUris], [o].[Properties], [o].[RedirectUris], [o].[Requirements], [o].[Type]
FROM [dbo].[OpenIddictApplications] AS [o]
WHERE [o].[ClientId] = @__identifier_0
2023-11-13 23:58:04,616 [8] INFO Microsoft.EntityFrameworkCore.Database.Command - Executed DbCommand (2ms) [Parameters=[@__identifier_0='?' (Size = 100)], CommandType='Text', CommandTimeout='30']
SELECT TOP(1) [o].[Id], [o].[ClientId], [o].[ClientSecret], [o].[ConcurrencyToken], [o].[ConsentType], [o].[DisplayName], [o].[DisplayNames], [o].[Permissions], [o].[PostLogoutRedirectUris], [o].[Properties], [o].[RedirectUris], [o].[Requirements], [o].[Type]
FROM [dbo].[OpenIddictApplications] AS [o]
WHERE [o].[ClientId] = @__identifier_0
2023-11-13 23:58:04,732 [8] INFO Microsoft.Hosting.Lifetime - Now listening on: http://localhost:5030
2023-11-13 23:58:04,794 [8] INFO Hangfire.BackgroundJobServer - Starting Hangfire Server using job storage: 'In-Memory Storage'
2023-11-13 23:58:04,794 [8] INFO Hangfire.BackgroundJobServer - Using the following options for Hangfire Server:
    Worker count: 100
    Listening queues: 'default'
    Shutdown timeout: 00:00:15
    Schedule polling interval: 00:00:15
2023-11-13 23:58:04,847 [8] INFO Microsoft.Hosting.Lifetime - Application started. Press Ctrl+C to shut down.
2023-11-13 23:58:04,849 [8] INFO Microsoft.Hosting.Lifetime - Hosting environment: Development
2023-11-13 23:58:04,851 [8] INFO Microsoft.Hosting.Lifetime - Content root path: D:\Do AN Tot Nghiep\MyTicket\src\MyTicket_BE_new\MyTicket.Web\MyTicket.API
2023-11-13 23:58:04,852 [BackgroundServerProcess #1] INFO Hangfire.Server.BackgroundServerProcess - Server myticket.base.api:46784:8464720e successfully announced in 5.6795 ms
2023-11-13 23:58:04,859 [BackgroundServerProcess #1] INFO Hangfire.Server.BackgroundServerProcess - Server myticket.base.api:46784:8464720e is starting the registered dispatchers: ServerWatchdog, ServerJobCancellationWatcher, Worker, DelayedJobScheduler, RecurringJobScheduler...
2023-11-13 23:58:05,402 [BackgroundServerProcess #1] INFO Hangfire.Server.BackgroundServerProcess - Server myticket.base.api:46784:8464720e all the dispatchers started
2023-11-13 23:58:08,124 [4] INFO Microsoft.EntityFrameworkCore.Database.Command - Executed DbCommand (22ms) [Parameters=[@__userId_0='?' (DbType = Int32)], CommandType='Text', CommandTimeout='30']
SELECT TOP(1) [u].[Id], [u].[Status]
FROM [dbo].[User] AS [u]
WHERE [u].[Id] = @__userId_0
2023-11-13 23:58:22,446 [4] INFO MYTICKET.WEB.SERVICE.EventModule.Implements.EventService - CreateEvent: input = {"EventName":"K\u1EBB tr\u1ED9m l\u00F4ng v\u00E0ng","EventTypeId":1,"SupplierId":0,"EventDescription":"V\u00E0o m\u1ED7i \u0111\u00EAm giao th\u1EEBa c\u1EE7a Trung Qu\u1ED1c, c\u00E1c v\u1ECB th\u1EA7n tr\u00EAn tr\u1EDDi s\u1EBD t\u1EE5 t\u1EADp quanh Th\u00E1nh \u0111i\u1EC7n sau \u0110\u1EA1i l\u1EC5 \u0111\u1EC3 ch\u1EE9ng ki\u1EBFn \u200B\u200BL\u1EC5 c\u1EA7u ph\u00FAc h\u00E0ng n\u0103m. N\u0103m nay, khi \u0111\u1ED3ng h\u1ED3 \u0111i\u1EC3m 12 gi\u1EDD, \u0111\u00E1m \u0111\u00F4ng b\u1EAFt \u0111\u1EA7u t\u1EE5 t\u1EADp b\u00EAn ngo\u00E0i \u0110\u1EC1n Th\u00E1nh khi m\u00E0n \u0111\u00EAm bu\u00F4ng xu\u1ED1ng v\u00E0o ng\u00E0y cu\u1ED1i c\u00F9ng c\u1EE7a n\u0103m. Tr\u01B0\u1EDBc s\u1EF1 ng\u1EA1c nhi\u00EAn c\u1EE7a m\u1ECDi ng\u01B0\u1EDDi, chi\u1EBFc L\u00F4ng V\u00E0ng \u0111\u01B0\u1EE3c c\u1EA5t gi\u1EEF tr\u00EAn \u0111\u1EC9nh \u0110\u1EC1n Th\u00E1nh \u0111\u00E3 bi\u1EBFn m\u1EA5t. B\u00E2y gi\u1EDD, vi\u1EC7c t\u00ECm hi\u1EC3u chuy\u1EC7n g\u00EC \u0111\u00E3 x\u1EA3y ra l\u00E0 t\u00F9y thu\u1ED9c v\u00E0o b\u1EA1n v\u00E0 b\u1EA1n b\u00E8 c\u1EE7a b\u1EA1n.","ExchangePolicy":"Ban t\u1ED5 ch\u1EE9c/Ch\u1EE7 \u0111\u1ECBa \u0111i\u1EC3m c\u00F3 quy\u1EC1n t\u1EEB ch\u1ED1i cho v\u00E0o/tr\u1EE5c xu\u1EA5t b\u1EA5t k\u1EF3 ng\u01B0\u1EDDi n\u00E0o c\u00F3 h\u00E0nh vi g\u00E2y m\u1EA5t tr\u1EADt t\u1EF1 ho\u1EB7c kh\u00F4ng ph\u00F9 h\u1EE3p ho\u1EB7c g\u00E2y ra m\u1ED1i \u0111e d\u1ECDa v\u1EC1 an ninh ho\u1EB7c vi\u1EC7c ng\u01B0\u1EDDi kh\u00E1c t\u1EADn h\u01B0\u1EDFng S\u1EF1 ki\u1EC7n m\u00E0 kh\u00F4ng ph\u1EA3i b\u1ED3i th\u01B0\u1EDDng.","AdmissionPolicy":"Ban t\u1ED5 ch\u1EE9c c\u00F3 quy\u1EC1n ch\u1EC9 \u0111\u1ECBnh nh\u1EEFng ng\u01B0\u1EDDi ch\u01A1i mua \u00EDt h\u01A1n 5 v\u00E9 c\u00F9ng c\u00E1c \u0111\u1ED9i kh\u00E1c \u0111\u1EC3 \u0111\u00E1p \u1EE9ng \u0111\u1EE7 s\u1ED1 l\u01B0\u1EE3ng ng\u01B0\u1EDDi t\u1ED1i thi\u1EC3u c\u1EA7n thi\u1EBFt \u0111\u1EC3 ch\u01A1i tr\u00F2 ch\u01A1i. Ng\u01B0\u1EDDi ch\u01A1i c\u00F3 v\u00E9 s\u1EBD \u0111\u01B0\u1EE3c x\u1EBFp v\u00E0o c\u00E1c nh\u00F3m kh\u00E1c.","EventImage":"api/file/get?folder=event\u0026file=sukien1.webp","EventDetails":[{"VenueId":1,"OrganizationDay":"2023-11-25T16:48:58.744Z","StartSaleTicketDate":"2023-11-13T16:48:58.744Z","EndSaleTicketDate":"2023-11-24T16:48:58.744Z","EventSeatMapImage":null,"TicketEvents":[{"Name":"CAT1","Price":1000000,"Quantity":20},{"Name":"CAT2","Price":800000,"Quantity":10}]}]}
2023-11-13 23:58:28,452 [4] INFO Microsoft.EntityFrameworkCore.Database.Command - Executed DbCommand (8ms) [Parameters=[], CommandType='Text', CommandTimeout='30']
SELECT [e].[Id], [e].[AdmissionPolicy], [e].[CreatedBy], [e].[CreatedDate], [e].[Deleted], [e].[DeletedBy], [e].[DeletedDate], [e].[EventDescription], [e].[EventImage], [e].[EventName], [e].[EventTypeId], [e].[ExchangePolicy], [e].[ModifiedBy], [e].[ModifiedDate], [e].[StartEventDate], [e].[Status], [e].[SupplierId]
FROM [dbo].[Event] AS [e]
2023-11-13 23:58:36,633 [4] WARN Microsoft.EntityFrameworkCore.Database.Transaction - Savepoints are disabled because Multiple Active Result Sets (MARS) is enabled. If 'SaveChanges' fails, then the transaction cannot be automatically rolled back to a known clean state. Instead, the transaction should be rolled back by the application before retrying 'SaveChanges'. See https://go.microsoft.com/fwlink/?linkid=2149338 for more information and examples. To identify the code which triggers this warning, call 'ConfigureWarnings(w => w.Throw(SqlServerEventId.SavepointsDisabledBecauseOfMARS))'.
2023-11-13 23:58:36,657 [4] INFO Microsoft.EntityFrameworkCore.Database.Command - Executed DbCommand (15ms) [Parameters=[@p0='?' (Size = 1024), @p1='?' (DbType = Int32), @p2='?' (DbType = DateTime2), @p3='?' (DbType = Boolean), @p4='?' (DbType = Int32), @p5='?' (DbType = DateTime2), @p6='?' (Size = 1024), @p7='?' (Size = 1024), @p8='?' (Size = 264), @p9='?' (DbType = Int32), @p10='?' (Size = 1024), @p11='?' (DbType = Int32), @p12='?' (DbType = DateTime2), @p13='?' (DbType = DateTime2), @p14='?' (DbType = Int32), @p15='?' (DbType = Int32)], CommandType='Text', CommandTimeout='30']
SET IMPLICIT_TRANSACTIONS OFF;
SET NOCOUNT ON;
INSERT INTO [dbo].[Event] ([AdmissionPolicy], [CreatedBy], [CreatedDate], [Deleted], [DeletedBy], [DeletedDate], [EventDescription], [EventImage], [EventName], [EventTypeId], [ExchangePolicy], [ModifiedBy], [ModifiedDate], [StartEventDate], [Status], [SupplierId])
OUTPUT INSERTED.[Id]
VALUES (@p0, @p1, @p2, @p3, @p4, @p5, @p6, @p7, @p8, @p9, @p10, @p11, @p12, @p13, @p14, @p15);
2023-11-13 23:59:03,057 [4] WARN Microsoft.EntityFrameworkCore.Database.Transaction - Savepoints are disabled because Multiple Active Result Sets (MARS) is enabled. If 'SaveChanges' fails, then the transaction cannot be automatically rolled back to a known clean state. Instead, the transaction should be rolled back by the application before retrying 'SaveChanges'. See https://go.microsoft.com/fwlink/?linkid=2149338 for more information and examples. To identify the code which triggers this warning, call 'ConfigureWarnings(w => w.Throw(SqlServerEventId.SavepointsDisabledBecauseOfMARS))'.
2023-11-13 23:59:03,070 [4] INFO Microsoft.EntityFrameworkCore.Database.Command - Executed DbCommand (5ms) [Parameters=[@p0='?' (DbType = Int32), @p1='?' (DbType = DateTime2), @p2='?' (DbType = Boolean), @p3='?' (DbType = Int32), @p4='?' (DbType = DateTime2), @p5='?' (DbType = DateTime2), @p6='?' (DbType = Int32), @p7='?' (Size = 1024), @p8='?' (DbType = Int32), @p9='?' (DbType = DateTime2), @p10='?' (DbType = DateTime2), @p11='?' (DbType = DateTime2), @p12='?' (DbType = Int32), @p13='?' (DbType = Int32)], CommandType='Text', CommandTimeout='30']
SET IMPLICIT_TRANSACTIONS OFF;
SET NOCOUNT ON;
INSERT INTO [dbo].[EventDetail] ([CreatedBy], [CreatedDate], [Deleted], [DeletedBy], [DeletedDate], [EndSaleTicketDate], [EventId], [EventSeatMapImage], [ModifiedBy], [ModifiedDate], [OrganizationDay], [StartSaleTicketDate], [Status], [VenueId])
OUTPUT INSERTED.[Id]
VALUES (@p0, @p1, @p2, @p3, @p4, @p5, @p6, @p7, @p8, @p9, @p10, @p11, @p12, @p13);
2023-11-13 23:59:03,126 [4] WARN Microsoft.EntityFrameworkCore.Database.Transaction - Savepoints are disabled because Multiple Active Result Sets (MARS) is enabled. If 'SaveChanges' fails, then the transaction cannot be automatically rolled back to a known clean state. Instead, the transaction should be rolled back by the application before retrying 'SaveChanges'. See https://go.microsoft.com/fwlink/?linkid=2149338 for more information and examples. To identify the code which triggers this warning, call 'ConfigureWarnings(w => w.Throw(SqlServerEventId.SavepointsDisabledBecauseOfMARS))'.
2023-11-13 23:59:03,144 [4] INFO Microsoft.EntityFrameworkCore.Database.Command - Executed DbCommand (11ms) [Parameters=[@p0='?' (DbType = Int32), @p1='?' (DbType = DateTime2), @p2='?' (DbType = Boolean), @p3='?' (DbType = Int32), @p4='?' (DbType = DateTime2), @p5='?' (DbType = Int32), @p6='?' (DbType = Int32), @p7='?' (DbType = DateTime2), @p8='?' (Size = 264), @p9='?' (Precision = 18) (Scale = 2) (DbType = Decimal), @p10='?' (DbType = Int32), @p11='?' (DbType = Int32)], CommandType='Text', CommandTimeout='30']
SET IMPLICIT_TRANSACTIONS OFF;
SET NOCOUNT ON;
INSERT INTO [dbo].[TicketEvent] ([CreatedBy], [CreatedDate], [Deleted], [DeletedBy], [DeletedDate], [EventDetailId], [ModifiedBy], [ModifiedDate], [Name], [Price], [Quantity], [Status])
OUTPUT INSERTED.[Id]
VALUES (@p0, @p1, @p2, @p3, @p4, @p5, @p6, @p7, @p8, @p9, @p10, @p11);
2023-11-13 23:59:03,163 [4] WARN Microsoft.EntityFrameworkCore.Database.Transaction - Savepoints are disabled because Multiple Active Result Sets (MARS) is enabled. If 'SaveChanges' fails, then the transaction cannot be automatically rolled back to a known clean state. Instead, the transaction should be rolled back by the application before retrying 'SaveChanges'. See https://go.microsoft.com/fwlink/?linkid=2149338 for more information and examples. To identify the code which triggers this warning, call 'ConfigureWarnings(w => w.Throw(SqlServerEventId.SavepointsDisabledBecauseOfMARS))'.
2023-11-13 23:59:03,173 [4] INFO Microsoft.EntityFrameworkCore.Database.Command - Executed DbCommand (6ms) [Parameters=[@p0='?' (Size = 10), @p1='?' (DbType = Int32)], CommandType='Text', CommandTimeout='30']
SET IMPLICIT_TRANSACTIONS OFF;
SET NOCOUNT ON;
INSERT INTO [dbo].[Ticket] ([SeatCode], [TicketEventId])
OUTPUT INSERTED.[Id], INSERTED.[Status]
VALUES (@p0, @p1);
2023-11-13 23:59:03,185 [4] WARN Microsoft.EntityFrameworkCore.Database.Transaction - Savepoints are disabled because Multiple Active Result Sets (MARS) is enabled. If 'SaveChanges' fails, then the transaction cannot be automatically rolled back to a known clean state. Instead, the transaction should be rolled back by the application before retrying 'SaveChanges'. See https://go.microsoft.com/fwlink/?linkid=2149338 for more information and examples. To identify the code which triggers this warning, call 'ConfigureWarnings(w => w.Throw(SqlServerEventId.SavepointsDisabledBecauseOfMARS))'.
2023-11-13 23:59:03,191 [4] INFO Microsoft.EntityFrameworkCore.Database.Command - Executed DbCommand (2ms) [Parameters=[@p0='?' (Size = 10), @p1='?' (DbType = Int32)], CommandType='Text', CommandTimeout='30']
SET IMPLICIT_TRANSACTIONS OFF;
SET NOCOUNT ON;
INSERT INTO [dbo].[Ticket] ([SeatCode], [TicketEventId])
OUTPUT INSERTED.[Id], INSERTED.[Status]
VALUES (@p0, @p1);
2023-11-13 23:59:03,199 [4] WARN Microsoft.EntityFrameworkCore.Database.Transaction - Savepoints are disabled because Multiple Active Result Sets (MARS) is enabled. If 'SaveChanges' fails, then the transaction cannot be automatically rolled back to a known clean state. Instead, the transaction should be rolled back by the application before retrying 'SaveChanges'. See https://go.microsoft.com/fwlink/?linkid=2149338 for more information and examples. To identify the code which triggers this warning, call 'ConfigureWarnings(w => w.Throw(SqlServerEventId.SavepointsDisabledBecauseOfMARS))'.
2023-11-13 23:59:03,205 [4] INFO Microsoft.EntityFrameworkCore.Database.Command - Executed DbCommand (1ms) [Parameters=[@p0='?' (Size = 10), @p1='?' (DbType = Int32)], CommandType='Text', CommandTimeout='30']
SET IMPLICIT_TRANSACTIONS OFF;
SET NOCOUNT ON;
INSERT INTO [dbo].[Ticket] ([SeatCode], [TicketEventId])
OUTPUT INSERTED.[Id], INSERTED.[Status]
VALUES (@p0, @p1);
2023-11-13 23:59:03,213 [4] WARN Microsoft.EntityFrameworkCore.Database.Transaction - Savepoints are disabled because Multiple Active Result Sets (MARS) is enabled. If 'SaveChanges' fails, then the transaction cannot be automatically rolled back to a known clean state. Instead, the transaction should be rolled back by the application before retrying 'SaveChanges'. See https://go.microsoft.com/fwlink/?linkid=2149338 for more information and examples. To identify the code which triggers this warning, call 'ConfigureWarnings(w => w.Throw(SqlServerEventId.SavepointsDisabledBecauseOfMARS))'.
2023-11-13 23:59:03,220 [4] INFO Microsoft.EntityFrameworkCore.Database.Command - Executed DbCommand (1ms) [Parameters=[@p0='?' (Size = 10), @p1='?' (DbType = Int32)], CommandType='Text', CommandTimeout='30']
SET IMPLICIT_TRANSACTIONS OFF;
SET NOCOUNT ON;
INSERT INTO [dbo].[Ticket] ([SeatCode], [TicketEventId])
OUTPUT INSERTED.[Id], INSERTED.[Status]
VALUES (@p0, @p1);
2023-11-13 23:59:03,241 [4] WARN Microsoft.EntityFrameworkCore.Database.Transaction - Savepoints are disabled because Multiple Active Result Sets (MARS) is enabled. If 'SaveChanges' fails, then the transaction cannot be automatically rolled back to a known clean state. Instead, the transaction should be rolled back by the application before retrying 'SaveChanges'. See https://go.microsoft.com/fwlink/?linkid=2149338 for more information and examples. To identify the code which triggers this warning, call 'ConfigureWarnings(w => w.Throw(SqlServerEventId.SavepointsDisabledBecauseOfMARS))'.
2023-11-13 23:59:03,249 [4] INFO Microsoft.EntityFrameworkCore.Database.Command - Executed DbCommand (2ms) [Parameters=[@p0='?' (Size = 10), @p1='?' (DbType = Int32)], CommandType='Text', CommandTimeout='30']
SET IMPLICIT_TRANSACTIONS OFF;
SET NOCOUNT ON;
INSERT INTO [dbo].[Ticket] ([SeatCode], [TicketEventId])
OUTPUT INSERTED.[Id], INSERTED.[Status]
VALUES (@p0, @p1);
2023-11-13 23:59:03,256 [4] WARN Microsoft.EntityFrameworkCore.Database.Transaction - Savepoints are disabled because Multiple Active Result Sets (MARS) is enabled. If 'SaveChanges' fails, then the transaction cannot be automatically rolled back to a known clean state. Instead, the transaction should be rolled back by the application before retrying 'SaveChanges'. See https://go.microsoft.com/fwlink/?linkid=2149338 for more information and examples. To identify the code which triggers this warning, call 'ConfigureWarnings(w => w.Throw(SqlServerEventId.SavepointsDisabledBecauseOfMARS))'.
2023-11-13 23:59:03,264 [4] INFO Microsoft.EntityFrameworkCore.Database.Command - Executed DbCommand (1ms) [Parameters=[@p0='?' (Size = 10), @p1='?' (DbType = Int32)], CommandType='Text', CommandTimeout='30']
SET IMPLICIT_TRANSACTIONS OFF;
SET NOCOUNT ON;
INSERT INTO [dbo].[Ticket] ([SeatCode], [TicketEventId])
OUTPUT INSERTED.[Id], INSERTED.[Status]
VALUES (@p0, @p1);
2023-11-13 23:59:03,271 [4] WARN Microsoft.EntityFrameworkCore.Database.Transaction - Savepoints are disabled because Multiple Active Result Sets (MARS) is enabled. If 'SaveChanges' fails, then the transaction cannot be automatically rolled back to a known clean state. Instead, the transaction should be rolled back by the application before retrying 'SaveChanges'. See https://go.microsoft.com/fwlink/?linkid=2149338 for more information and examples. To identify the code which triggers this warning, call 'ConfigureWarnings(w => w.Throw(SqlServerEventId.SavepointsDisabledBecauseOfMARS))'.
2023-11-13 23:59:03,278 [4] INFO Microsoft.EntityFrameworkCore.Database.Command - Executed DbCommand (1ms) [Parameters=[@p0='?' (Size = 10), @p1='?' (DbType = Int32)], CommandType='Text', CommandTimeout='30']
SET IMPLICIT_TRANSACTIONS OFF;
SET NOCOUNT ON;
INSERT INTO [dbo].[Ticket] ([SeatCode], [TicketEventId])
OUTPUT INSERTED.[Id], INSERTED.[Status]
VALUES (@p0, @p1);
2023-11-13 23:59:03,286 [4] WARN Microsoft.EntityFrameworkCore.Database.Transaction - Savepoints are disabled because Multiple Active Result Sets (MARS) is enabled. If 'SaveChanges' fails, then the transaction cannot be automatically rolled back to a known clean state. Instead, the transaction should be rolled back by the application before retrying 'SaveChanges'. See https://go.microsoft.com/fwlink/?linkid=2149338 for more information and examples. To identify the code which triggers this warning, call 'ConfigureWarnings(w => w.Throw(SqlServerEventId.SavepointsDisabledBecauseOfMARS))'.
2023-11-13 23:59:03,293 [4] INFO Microsoft.EntityFrameworkCore.Database.Command - Executed DbCommand (1ms) [Parameters=[@p0='?' (Size = 10), @p1='?' (DbType = Int32)], CommandType='Text', CommandTimeout='30']
SET IMPLICIT_TRANSACTIONS OFF;
SET NOCOUNT ON;
INSERT INTO [dbo].[Ticket] ([SeatCode], [TicketEventId])
OUTPUT INSERTED.[Id], INSERTED.[Status]
VALUES (@p0, @p1);
2023-11-13 23:59:03,302 [4] WARN Microsoft.EntityFrameworkCore.Database.Transaction - Savepoints are disabled because Multiple Active Result Sets (MARS) is enabled. If 'SaveChanges' fails, then the transaction cannot be automatically rolled back to a known clean state. Instead, the transaction should be rolled back by the application before retrying 'SaveChanges'. See https://go.microsoft.com/fwlink/?linkid=2149338 for more information and examples. To identify the code which triggers this warning, call 'ConfigureWarnings(w => w.Throw(SqlServerEventId.SavepointsDisabledBecauseOfMARS))'.
2023-11-13 23:59:03,310 [4] INFO Microsoft.EntityFrameworkCore.Database.Command - Executed DbCommand (2ms) [Parameters=[@p0='?' (Size = 10), @p1='?' (DbType = Int32)], CommandType='Text', CommandTimeout='30']
SET IMPLICIT_TRANSACTIONS OFF;
SET NOCOUNT ON;
INSERT INTO [dbo].[Ticket] ([SeatCode], [TicketEventId])
OUTPUT INSERTED.[Id], INSERTED.[Status]
VALUES (@p0, @p1);
2023-11-13 23:59:03,318 [4] WARN Microsoft.EntityFrameworkCore.Database.Transaction - Savepoints are disabled because Multiple Active Result Sets (MARS) is enabled. If 'SaveChanges' fails, then the transaction cannot be automatically rolled back to a known clean state. Instead, the transaction should be rolled back by the application before retrying 'SaveChanges'. See https://go.microsoft.com/fwlink/?linkid=2149338 for more information and examples. To identify the code which triggers this warning, call 'ConfigureWarnings(w => w.Throw(SqlServerEventId.SavepointsDisabledBecauseOfMARS))'.
2023-11-13 23:59:03,326 [4] INFO Microsoft.EntityFrameworkCore.Database.Command - Executed DbCommand (2ms) [Parameters=[@p0='?' (Size = 10), @p1='?' (DbType = Int32)], CommandType='Text', CommandTimeout='30']
SET IMPLICIT_TRANSACTIONS OFF;
SET NOCOUNT ON;
INSERT INTO [dbo].[Ticket] ([SeatCode], [TicketEventId])
OUTPUT INSERTED.[Id], INSERTED.[Status]
VALUES (@p0, @p1);
2023-11-13 23:59:03,334 [4] WARN Microsoft.EntityFrameworkCore.Database.Transaction - Savepoints are disabled because Multiple Active Result Sets (MARS) is enabled. If 'SaveChanges' fails, then the transaction cannot be automatically rolled back to a known clean state. Instead, the transaction should be rolled back by the application before retrying 'SaveChanges'. See https://go.microsoft.com/fwlink/?linkid=2149338 for more information and examples. To identify the code which triggers this warning, call 'ConfigureWarnings(w => w.Throw(SqlServerEventId.SavepointsDisabledBecauseOfMARS))'.
2023-11-13 23:59:03,340 [4] INFO Microsoft.EntityFrameworkCore.Database.Command - Executed DbCommand (1ms) [Parameters=[@p0='?' (Size = 10), @p1='?' (DbType = Int32)], CommandType='Text', CommandTimeout='30']
SET IMPLICIT_TRANSACTIONS OFF;
SET NOCOUNT ON;
INSERT INTO [dbo].[Ticket] ([SeatCode], [TicketEventId])
OUTPUT INSERTED.[Id], INSERTED.[Status]
VALUES (@p0, @p1);
2023-11-13 23:59:03,348 [4] WARN Microsoft.EntityFrameworkCore.Database.Transaction - Savepoints are disabled because Multiple Active Result Sets (MARS) is enabled. If 'SaveChanges' fails, then the transaction cannot be automatically rolled back to a known clean state. Instead, the transaction should be rolled back by the application before retrying 'SaveChanges'. See https://go.microsoft.com/fwlink/?linkid=2149338 for more information and examples. To identify the code which triggers this warning, call 'ConfigureWarnings(w => w.Throw(SqlServerEventId.SavepointsDisabledBecauseOfMARS))'.
2023-11-13 23:59:03,354 [4] INFO Microsoft.EntityFrameworkCore.Database.Command - Executed DbCommand (1ms) [Parameters=[@p0='?' (Size = 10), @p1='?' (DbType = Int32)], CommandType='Text', CommandTimeout='30']
SET IMPLICIT_TRANSACTIONS OFF;
SET NOCOUNT ON;
INSERT INTO [dbo].[Ticket] ([SeatCode], [TicketEventId])
OUTPUT INSERTED.[Id], INSERTED.[Status]
VALUES (@p0, @p1);
2023-11-13 23:59:03,362 [4] WARN Microsoft.EntityFrameworkCore.Database.Transaction - Savepoints are disabled because Multiple Active Result Sets (MARS) is enabled. If 'SaveChanges' fails, then the transaction cannot be automatically rolled back to a known clean state. Instead, the transaction should be rolled back by the application before retrying 'SaveChanges'. See https://go.microsoft.com/fwlink/?linkid=2149338 for more information and examples. To identify the code which triggers this warning, call 'ConfigureWarnings(w => w.Throw(SqlServerEventId.SavepointsDisabledBecauseOfMARS))'.
2023-11-13 23:59:03,368 [4] INFO Microsoft.EntityFrameworkCore.Database.Command - Executed DbCommand (1ms) [Parameters=[@p0='?' (Size = 10), @p1='?' (DbType = Int32)], CommandType='Text', CommandTimeout='30']
SET IMPLICIT_TRANSACTIONS OFF;
SET NOCOUNT ON;
INSERT INTO [dbo].[Ticket] ([SeatCode], [TicketEventId])
OUTPUT INSERTED.[Id], INSERTED.[Status]
VALUES (@p0, @p1);
2023-11-13 23:59:03,377 [4] WARN Microsoft.EntityFrameworkCore.Database.Transaction - Savepoints are disabled because Multiple Active Result Sets (MARS) is enabled. If 'SaveChanges' fails, then the transaction cannot be automatically rolled back to a known clean state. Instead, the transaction should be rolled back by the application before retrying 'SaveChanges'. See https://go.microsoft.com/fwlink/?linkid=2149338 for more information and examples. To identify the code which triggers this warning, call 'ConfigureWarnings(w => w.Throw(SqlServerEventId.SavepointsDisabledBecauseOfMARS))'.
2023-11-13 23:59:03,385 [4] INFO Microsoft.EntityFrameworkCore.Database.Command - Executed DbCommand (3ms) [Parameters=[@p0='?' (Size = 10), @p1='?' (DbType = Int32)], CommandType='Text', CommandTimeout='30']
SET IMPLICIT_TRANSACTIONS OFF;
SET NOCOUNT ON;
INSERT INTO [dbo].[Ticket] ([SeatCode], [TicketEventId])
OUTPUT INSERTED.[Id], INSERTED.[Status]
VALUES (@p0, @p1);
2023-11-13 23:59:03,394 [4] WARN Microsoft.EntityFrameworkCore.Database.Transaction - Savepoints are disabled because Multiple Active Result Sets (MARS) is enabled. If 'SaveChanges' fails, then the transaction cannot be automatically rolled back to a known clean state. Instead, the transaction should be rolled back by the application before retrying 'SaveChanges'. See https://go.microsoft.com/fwlink/?linkid=2149338 for more information and examples. To identify the code which triggers this warning, call 'ConfigureWarnings(w => w.Throw(SqlServerEventId.SavepointsDisabledBecauseOfMARS))'.
2023-11-13 23:59:03,401 [4] INFO Microsoft.EntityFrameworkCore.Database.Command - Executed DbCommand (2ms) [Parameters=[@p0='?' (Size = 10), @p1='?' (DbType = Int32)], CommandType='Text', CommandTimeout='30']
SET IMPLICIT_TRANSACTIONS OFF;
SET NOCOUNT ON;
INSERT INTO [dbo].[Ticket] ([SeatCode], [TicketEventId])
OUTPUT INSERTED.[Id], INSERTED.[Status]
VALUES (@p0, @p1);
2023-11-13 23:59:03,409 [4] WARN Microsoft.EntityFrameworkCore.Database.Transaction - Savepoints are disabled because Multiple Active Result Sets (MARS) is enabled. If 'SaveChanges' fails, then the transaction cannot be automatically rolled back to a known clean state. Instead, the transaction should be rolled back by the application before retrying 'SaveChanges'. See https://go.microsoft.com/fwlink/?linkid=2149338 for more information and examples. To identify the code which triggers this warning, call 'ConfigureWarnings(w => w.Throw(SqlServerEventId.SavepointsDisabledBecauseOfMARS))'.
2023-11-13 23:59:03,416 [4] INFO Microsoft.EntityFrameworkCore.Database.Command - Executed DbCommand (2ms) [Parameters=[@p0='?' (Size = 10), @p1='?' (DbType = Int32)], CommandType='Text', CommandTimeout='30']
SET IMPLICIT_TRANSACTIONS OFF;
SET NOCOUNT ON;
INSERT INTO [dbo].[Ticket] ([SeatCode], [TicketEventId])
OUTPUT INSERTED.[Id], INSERTED.[Status]
VALUES (@p0, @p1);
2023-11-13 23:59:03,424 [4] WARN Microsoft.EntityFrameworkCore.Database.Transaction - Savepoints are disabled because Multiple Active Result Sets (MARS) is enabled. If 'SaveChanges' fails, then the transaction cannot be automatically rolled back to a known clean state. Instead, the transaction should be rolled back by the application before retrying 'SaveChanges'. See https://go.microsoft.com/fwlink/?linkid=2149338 for more information and examples. To identify the code which triggers this warning, call 'ConfigureWarnings(w => w.Throw(SqlServerEventId.SavepointsDisabledBecauseOfMARS))'.
2023-11-13 23:59:03,432 [4] INFO Microsoft.EntityFrameworkCore.Database.Command - Executed DbCommand (2ms) [Parameters=[@p0='?' (Size = 10), @p1='?' (DbType = Int32)], CommandType='Text', CommandTimeout='30']
SET IMPLICIT_TRANSACTIONS OFF;
SET NOCOUNT ON;
INSERT INTO [dbo].[Ticket] ([SeatCode], [TicketEventId])
OUTPUT INSERTED.[Id], INSERTED.[Status]
VALUES (@p0, @p1);
2023-11-13 23:59:03,440 [4] WARN Microsoft.EntityFrameworkCore.Database.Transaction - Savepoints are disabled because Multiple Active Result Sets (MARS) is enabled. If 'SaveChanges' fails, then the transaction cannot be automatically rolled back to a known clean state. Instead, the transaction should be rolled back by the application before retrying 'SaveChanges'. See https://go.microsoft.com/fwlink/?linkid=2149338 for more information and examples. To identify the code which triggers this warning, call 'ConfigureWarnings(w => w.Throw(SqlServerEventId.SavepointsDisabledBecauseOfMARS))'.
2023-11-13 23:59:03,448 [4] INFO Microsoft.EntityFrameworkCore.Database.Command - Executed DbCommand (2ms) [Parameters=[@p0='?' (Size = 10), @p1='?' (DbType = Int32)], CommandType='Text', CommandTimeout='30']
SET IMPLICIT_TRANSACTIONS OFF;
SET NOCOUNT ON;
INSERT INTO [dbo].[Ticket] ([SeatCode], [TicketEventId])
OUTPUT INSERTED.[Id], INSERTED.[Status]
VALUES (@p0, @p1);
2023-11-13 23:59:03,456 [4] WARN Microsoft.EntityFrameworkCore.Database.Transaction - Savepoints are disabled because Multiple Active Result Sets (MARS) is enabled. If 'SaveChanges' fails, then the transaction cannot be automatically rolled back to a known clean state. Instead, the transaction should be rolled back by the application before retrying 'SaveChanges'. See https://go.microsoft.com/fwlink/?linkid=2149338 for more information and examples. To identify the code which triggers this warning, call 'ConfigureWarnings(w => w.Throw(SqlServerEventId.SavepointsDisabledBecauseOfMARS))'.
2023-11-13 23:59:03,465 [4] INFO Microsoft.EntityFrameworkCore.Database.Command - Executed DbCommand (2ms) [Parameters=[@p0='?' (Size = 10), @p1='?' (DbType = Int32)], CommandType='Text', CommandTimeout='30']
SET IMPLICIT_TRANSACTIONS OFF;
SET NOCOUNT ON;
INSERT INTO [dbo].[Ticket] ([SeatCode], [TicketEventId])
OUTPUT INSERTED.[Id], INSERTED.[Status]
VALUES (@p0, @p1);
2023-11-13 23:59:03,473 [4] WARN Microsoft.EntityFrameworkCore.Database.Transaction - Savepoints are disabled because Multiple Active Result Sets (MARS) is enabled. If 'SaveChanges' fails, then the transaction cannot be automatically rolled back to a known clean state. Instead, the transaction should be rolled back by the application before retrying 'SaveChanges'. See https://go.microsoft.com/fwlink/?linkid=2149338 for more information and examples. To identify the code which triggers this warning, call 'ConfigureWarnings(w => w.Throw(SqlServerEventId.SavepointsDisabledBecauseOfMARS))'.
2023-11-13 23:59:03,482 [4] INFO Microsoft.EntityFrameworkCore.Database.Command - Executed DbCommand (2ms) [Parameters=[@p0='?' (Size = 10), @p1='?' (DbType = Int32)], CommandType='Text', CommandTimeout='30']
SET IMPLICIT_TRANSACTIONS OFF;
SET NOCOUNT ON;
INSERT INTO [dbo].[Ticket] ([SeatCode], [TicketEventId])
OUTPUT INSERTED.[Id], INSERTED.[Status]
VALUES (@p0, @p1);
2023-11-13 23:59:03,499 [4] WARN Microsoft.EntityFrameworkCore.Database.Transaction - Savepoints are disabled because Multiple Active Result Sets (MARS) is enabled. If 'SaveChanges' fails, then the transaction cannot be automatically rolled back to a known clean state. Instead, the transaction should be rolled back by the application before retrying 'SaveChanges'. See https://go.microsoft.com/fwlink/?linkid=2149338 for more information and examples. To identify the code which triggers this warning, call 'ConfigureWarnings(w => w.Throw(SqlServerEventId.SavepointsDisabledBecauseOfMARS))'.
2023-11-13 23:59:03,506 [4] INFO Microsoft.EntityFrameworkCore.Database.Command - Executed DbCommand (1ms) [Parameters=[@p0='?' (DbType = Int32), @p1='?' (DbType = DateTime2), @p2='?' (DbType = Boolean), @p3='?' (DbType = Int32), @p4='?' (DbType = DateTime2), @p5='?' (DbType = Int32), @p6='?' (DbType = Int32), @p7='?' (DbType = DateTime2), @p8='?' (Size = 264), @p9='?' (Precision = 18) (Scale = 2) (DbType = Decimal), @p10='?' (DbType = Int32), @p11='?' (DbType = Int32)], CommandType='Text', CommandTimeout='30']
SET IMPLICIT_TRANSACTIONS OFF;
SET NOCOUNT ON;
INSERT INTO [dbo].[TicketEvent] ([CreatedBy], [CreatedDate], [Deleted], [DeletedBy], [DeletedDate], [EventDetailId], [ModifiedBy], [ModifiedDate], [Name], [Price], [Quantity], [Status])
OUTPUT INSERTED.[Id]
VALUES (@p0, @p1, @p2, @p3, @p4, @p5, @p6, @p7, @p8, @p9, @p10, @p11);
2023-11-13 23:59:03,515 [4] WARN Microsoft.EntityFrameworkCore.Database.Transaction - Savepoints are disabled because Multiple Active Result Sets (MARS) is enabled. If 'SaveChanges' fails, then the transaction cannot be automatically rolled back to a known clean state. Instead, the transaction should be rolled back by the application before retrying 'SaveChanges'. See https://go.microsoft.com/fwlink/?linkid=2149338 for more information and examples. To identify the code which triggers this warning, call 'ConfigureWarnings(w => w.Throw(SqlServerEventId.SavepointsDisabledBecauseOfMARS))'.
2023-11-13 23:59:03,524 [4] INFO Microsoft.EntityFrameworkCore.Database.Command - Executed DbCommand (2ms) [Parameters=[@p0='?' (Size = 10), @p1='?' (DbType = Int32)], CommandType='Text', CommandTimeout='30']
SET IMPLICIT_TRANSACTIONS OFF;
SET NOCOUNT ON;
INSERT INTO [dbo].[Ticket] ([SeatCode], [TicketEventId])
OUTPUT INSERTED.[Id], INSERTED.[Status]
VALUES (@p0, @p1);
2023-11-13 23:59:03,534 [4] WARN Microsoft.EntityFrameworkCore.Database.Transaction - Savepoints are disabled because Multiple Active Result Sets (MARS) is enabled. If 'SaveChanges' fails, then the transaction cannot be automatically rolled back to a known clean state. Instead, the transaction should be rolled back by the application before retrying 'SaveChanges'. See https://go.microsoft.com/fwlink/?linkid=2149338 for more information and examples. To identify the code which triggers this warning, call 'ConfigureWarnings(w => w.Throw(SqlServerEventId.SavepointsDisabledBecauseOfMARS))'.
2023-11-13 23:59:03,540 [4] INFO Microsoft.EntityFrameworkCore.Database.Command - Executed DbCommand (1ms) [Parameters=[@p0='?' (Size = 10), @p1='?' (DbType = Int32)], CommandType='Text', CommandTimeout='30']
SET IMPLICIT_TRANSACTIONS OFF;
SET NOCOUNT ON;
INSERT INTO [dbo].[Ticket] ([SeatCode], [TicketEventId])
OUTPUT INSERTED.[Id], INSERTED.[Status]
VALUES (@p0, @p1);
2023-11-13 23:59:03,548 [4] WARN Microsoft.EntityFrameworkCore.Database.Transaction - Savepoints are disabled because Multiple Active Result Sets (MARS) is enabled. If 'SaveChanges' fails, then the transaction cannot be automatically rolled back to a known clean state. Instead, the transaction should be rolled back by the application before retrying 'SaveChanges'. See https://go.microsoft.com/fwlink/?linkid=2149338 for more information and examples. To identify the code which triggers this warning, call 'ConfigureWarnings(w => w.Throw(SqlServerEventId.SavepointsDisabledBecauseOfMARS))'.
2023-11-13 23:59:03,554 [4] INFO Microsoft.EntityFrameworkCore.Database.Command - Executed DbCommand (1ms) [Parameters=[@p0='?' (Size = 10), @p1='?' (DbType = Int32)], CommandType='Text', CommandTimeout='30']
SET IMPLICIT_TRANSACTIONS OFF;
SET NOCOUNT ON;
INSERT INTO [dbo].[Ticket] ([SeatCode], [TicketEventId])
OUTPUT INSERTED.[Id], INSERTED.[Status]
VALUES (@p0, @p1);
2023-11-13 23:59:03,562 [4] WARN Microsoft.EntityFrameworkCore.Database.Transaction - Savepoints are disabled because Multiple Active Result Sets (MARS) is enabled. If 'SaveChanges' fails, then the transaction cannot be automatically rolled back to a known clean state. Instead, the transaction should be rolled back by the application before retrying 'SaveChanges'. See https://go.microsoft.com/fwlink/?linkid=2149338 for more information and examples. To identify the code which triggers this warning, call 'ConfigureWarnings(w => w.Throw(SqlServerEventId.SavepointsDisabledBecauseOfMARS))'.
2023-11-13 23:59:03,569 [4] INFO Microsoft.EntityFrameworkCore.Database.Command - Executed DbCommand (1ms) [Parameters=[@p0='?' (Size = 10), @p1='?' (DbType = Int32)], CommandType='Text', CommandTimeout='30']
SET IMPLICIT_TRANSACTIONS OFF;
SET NOCOUNT ON;
INSERT INTO [dbo].[Ticket] ([SeatCode], [TicketEventId])
OUTPUT INSERTED.[Id], INSERTED.[Status]
VALUES (@p0, @p1);
2023-11-13 23:59:03,576 [4] WARN Microsoft.EntityFrameworkCore.Database.Transaction - Savepoints are disabled because Multiple Active Result Sets (MARS) is enabled. If 'SaveChanges' fails, then the transaction cannot be automatically rolled back to a known clean state. Instead, the transaction should be rolled back by the application before retrying 'SaveChanges'. See https://go.microsoft.com/fwlink/?linkid=2149338 for more information and examples. To identify the code which triggers this warning, call 'ConfigureWarnings(w => w.Throw(SqlServerEventId.SavepointsDisabledBecauseOfMARS))'.
2023-11-13 23:59:03,583 [4] INFO Microsoft.EntityFrameworkCore.Database.Command - Executed DbCommand (1ms) [Parameters=[@p0='?' (Size = 10), @p1='?' (DbType = Int32)], CommandType='Text', CommandTimeout='30']
SET IMPLICIT_TRANSACTIONS OFF;
SET NOCOUNT ON;
INSERT INTO [dbo].[Ticket] ([SeatCode], [TicketEventId])
OUTPUT INSERTED.[Id], INSERTED.[Status]
VALUES (@p0, @p1);
2023-11-13 23:59:03,590 [4] WARN Microsoft.EntityFrameworkCore.Database.Transaction - Savepoints are disabled because Multiple Active Result Sets (MARS) is enabled. If 'SaveChanges' fails, then the transaction cannot be automatically rolled back to a known clean state. Instead, the transaction should be rolled back by the application before retrying 'SaveChanges'. See https://go.microsoft.com/fwlink/?linkid=2149338 for more information and examples. To identify the code which triggers this warning, call 'ConfigureWarnings(w => w.Throw(SqlServerEventId.SavepointsDisabledBecauseOfMARS))'.
2023-11-13 23:59:03,599 [4] INFO Microsoft.EntityFrameworkCore.Database.Command - Executed DbCommand (2ms) [Parameters=[@p0='?' (Size = 10), @p1='?' (DbType = Int32)], CommandType='Text', CommandTimeout='30']
SET IMPLICIT_TRANSACTIONS OFF;
SET NOCOUNT ON;
INSERT INTO [dbo].[Ticket] ([SeatCode], [TicketEventId])
OUTPUT INSERTED.[Id], INSERTED.[Status]
VALUES (@p0, @p1);
2023-11-13 23:59:03,606 [4] WARN Microsoft.EntityFrameworkCore.Database.Transaction - Savepoints are disabled because Multiple Active Result Sets (MARS) is enabled. If 'SaveChanges' fails, then the transaction cannot be automatically rolled back to a known clean state. Instead, the transaction should be rolled back by the application before retrying 'SaveChanges'. See https://go.microsoft.com/fwlink/?linkid=2149338 for more information and examples. To identify the code which triggers this warning, call 'ConfigureWarnings(w => w.Throw(SqlServerEventId.SavepointsDisabledBecauseOfMARS))'.
2023-11-13 23:59:03,614 [4] INFO Microsoft.EntityFrameworkCore.Database.Command - Executed DbCommand (2ms) [Parameters=[@p0='?' (Size = 10), @p1='?' (DbType = Int32)], CommandType='Text', CommandTimeout='30']
SET IMPLICIT_TRANSACTIONS OFF;
SET NOCOUNT ON;
INSERT INTO [dbo].[Ticket] ([SeatCode], [TicketEventId])
OUTPUT INSERTED.[Id], INSERTED.[Status]
VALUES (@p0, @p1);
2023-11-13 23:59:03,621 [4] WARN Microsoft.EntityFrameworkCore.Database.Transaction - Savepoints are disabled because Multiple Active Result Sets (MARS) is enabled. If 'SaveChanges' fails, then the transaction cannot be automatically rolled back to a known clean state. Instead, the transaction should be rolled back by the application before retrying 'SaveChanges'. See https://go.microsoft.com/fwlink/?linkid=2149338 for more information and examples. To identify the code which triggers this warning, call 'ConfigureWarnings(w => w.Throw(SqlServerEventId.SavepointsDisabledBecauseOfMARS))'.
2023-11-13 23:59:03,629 [4] INFO Microsoft.EntityFrameworkCore.Database.Command - Executed DbCommand (1ms) [Parameters=[@p0='?' (Size = 10), @p1='?' (DbType = Int32)], CommandType='Text', CommandTimeout='30']
SET IMPLICIT_TRANSACTIONS OFF;
SET NOCOUNT ON;
INSERT INTO [dbo].[Ticket] ([SeatCode], [TicketEventId])
OUTPUT INSERTED.[Id], INSERTED.[Status]
VALUES (@p0, @p1);
2023-11-13 23:59:03,636 [4] WARN Microsoft.EntityFrameworkCore.Database.Transaction - Savepoints are disabled because Multiple Active Result Sets (MARS) is enabled. If 'SaveChanges' fails, then the transaction cannot be automatically rolled back to a known clean state. Instead, the transaction should be rolled back by the application before retrying 'SaveChanges'. See https://go.microsoft.com/fwlink/?linkid=2149338 for more information and examples. To identify the code which triggers this warning, call 'ConfigureWarnings(w => w.Throw(SqlServerEventId.SavepointsDisabledBecauseOfMARS))'.
2023-11-13 23:59:03,644 [4] INFO Microsoft.EntityFrameworkCore.Database.Command - Executed DbCommand (1ms) [Parameters=[@p0='?' (Size = 10), @p1='?' (DbType = Int32)], CommandType='Text', CommandTimeout='30']
SET IMPLICIT_TRANSACTIONS OFF;
SET NOCOUNT ON;
INSERT INTO [dbo].[Ticket] ([SeatCode], [TicketEventId])
OUTPUT INSERTED.[Id], INSERTED.[Status]
VALUES (@p0, @p1);
2023-11-13 23:59:03,651 [4] WARN Microsoft.EntityFrameworkCore.Database.Transaction - Savepoints are disabled because Multiple Active Result Sets (MARS) is enabled. If 'SaveChanges' fails, then the transaction cannot be automatically rolled back to a known clean state. Instead, the transaction should be rolled back by the application before retrying 'SaveChanges'. See https://go.microsoft.com/fwlink/?linkid=2149338 for more information and examples. To identify the code which triggers this warning, call 'ConfigureWarnings(w => w.Throw(SqlServerEventId.SavepointsDisabledBecauseOfMARS))'.
2023-11-13 23:59:03,664 [4] INFO Microsoft.EntityFrameworkCore.Database.Command - Executed DbCommand (7ms) [Parameters=[@p0='?' (Size = 10), @p1='?' (DbType = Int32)], CommandType='Text', CommandTimeout='30']
SET IMPLICIT_TRANSACTIONS OFF;
SET NOCOUNT ON;
INSERT INTO [dbo].[Ticket] ([SeatCode], [TicketEventId])
OUTPUT INSERTED.[Id], INSERTED.[Status]
VALUES (@p0, @p1);
2023-11-13 23:59:03,705 [4] INFO Microsoft.EntityFrameworkCore.Database.Command - Executed DbCommand (4ms) [Parameters=[], CommandType='Text', CommandTimeout='30']
SELECT MIN([e].[OrganizationDay])
FROM [dbo].[EventDetail] AS [e]
2023-11-13 23:59:03,737 [4] WARN Microsoft.EntityFrameworkCore.Database.Transaction - Savepoints are disabled because Multiple Active Result Sets (MARS) is enabled. If 'SaveChanges' fails, then the transaction cannot be automatically rolled back to a known clean state. Instead, the transaction should be rolled back by the application before retrying 'SaveChanges'. See https://go.microsoft.com/fwlink/?linkid=2149338 for more information and examples. To identify the code which triggers this warning, call 'ConfigureWarnings(w => w.Throw(SqlServerEventId.SavepointsDisabledBecauseOfMARS))'.
2023-11-13 23:59:03,747 [4] INFO Microsoft.EntityFrameworkCore.Database.Command - Executed DbCommand (5ms) [Parameters=[@p3='?' (DbType = Int32), @p0='?' (DbType = Int32), @p1='?' (DbType = DateTime2), @p2='?' (DbType = DateTime2)], CommandType='Text', CommandTimeout='30']
SET IMPLICIT_TRANSACTIONS OFF;
SET NOCOUNT ON;
UPDATE [dbo].[Event] SET [ModifiedBy] = @p0, [ModifiedDate] = @p1, [StartEventDate] = @p2
OUTPUT 1
WHERE [Id] = @p3;
